<?xml version="1.0" encoding="UTF-8"?>
<!-- Generated by org.testng.reporters.JUnitReportReporter -->
<testsuite hostname="Gustavo-Ortiz.local" name="TestCases.CTInputTest" tests="1" failures="0" timestamp="3 Aug 2016 16:07:34 GMT" time="95.135" errors="0">
  <testcase name="CT_Input" time="95.135" classname="TestCases.CTInputTest"/>
</testsuite> <!-- TestCases.CTInputTest -->
