<?xml version="1.0" encoding="UTF-8"?>
<!-- Generated by org.testng.reporters.JUnitReportReporter -->
<testsuite hostname="Gustavo-Ortiz.local" name="TestCases.AddNewContentTest" tests="1" failures="0" timestamp="25 Oct 2016 17:26:27 GMT" time="30.145" errors="0">
  <testcase name="Add_New_Content_test" time="30.145" classname="TestCases.AddNewContentTest"/>
</testsuite> <!-- TestCases.AddNewContentTest -->
