<?xml version="1.0" encoding="UTF-8"?>
<!-- Generated by org.testng.reporters.JUnitReportReporter -->
<testsuite hostname="Gustavo-Ortiz.local" name="TestCases.CopyPasteContentTest" tests="1" failures="0" timestamp="23 Sep 2016 15:23:58 GMT" time="37.521" errors="0">
  <testcase name="Copy_Paste_Content_test" time="37.521" classname="TestCases.CopyPasteContentTest"/>
</testsuite> <!-- TestCases.CopyPasteContentTest -->
