<?xml version="1.0" encoding="UTF-8"?>
<!-- Generated by org.testng.reporters.JUnitReportReporter -->
<testsuite hostname="Gustavo-Ortiz.local" name="TestCases.CreateSiteTest" tests="1" failures="0" timestamp="19 Sep 2016 18:12:37 GMT" time="28.450" errors="0">
  <testcase name="create_site" time="28.450" classname="TestCases.CreateSiteTest"/>
</testsuite> <!-- TestCases.CreateSiteTest -->
