<?xml version="1.0" encoding="UTF-8"?>
<!-- Generated by org.testng.reporters.JUnitReportReporter -->
<testsuite hostname="Javier-Dobles.local" name="TestCases.LoginTest2" tests="1" failures="0" timestamp="20 Jun 2016 15:42:33 GMT" time="2.027" errors="0">
  <testcase name="test_Home_Page_Appear_Correct" time="2.027" classname="TestCases.LoginTest2"/>
</testsuite> <!-- TestCases.LoginTest2 -->
