<?xml version="1.0" encoding="UTF-8"?>
<!-- Generated by org.testng.reporters.JUnitReportReporter -->
<testsuite hostname="Javier-Dobles" name="TestCases.FirstTestCase" tests="1" failures="0" timestamp="30 May 2016 19:39:37 GMT" time="2.833" errors="0">
  <testcase name="test_Home_Page_Appear_Correct" time="2.833" classname="TestCases.FirstTestCase"/>
</testsuite> <!-- TestCases.FirstTestCase -->
