<?xml version="1.0" encoding="UTF-8"?>
<!-- Generated by org.testng.reporters.JUnitReportReporter -->
<testsuite hostname="Javier-Dobles" name="test.LoginTest" tests="1" failures="0" timestamp="23 May 2016 22:19:40 GMT" time="0.663" errors="0">
  <testcase name="test_Home_Page_Appear_Correct" time="0.663" classname="test.LoginTest"/>
</testsuite> <!-- test.LoginTest -->
