<?xml version="1.0" encoding="UTF-8"?>
<!-- Generated by org.testng.reporters.JUnitReportReporter -->
<testsuite hostname="Gustavo-Ortiz.local" name="TestCases.CopyPasteFolderTest" tests="1" failures="0" timestamp="23 Sep 2016 15:57:52 GMT" time="42.666" errors="0">
  <testcase name="Copy_Folder_test" time="42.666" classname="TestCases.CopyPasteFolderTest"/>
</testsuite> <!-- TestCases.CopyPasteFolderTest -->
