<?xml version="1.0" encoding="UTF-8"?>
<!-- Generated by org.testng.reporters.JUnitReportReporter -->
<testsuite hostname="Gustavo-Ortiz.local" name="TestCases.DeleteContentTest" tests="1" failures="0" timestamp="19 Oct 2016 22:27:49 GMT" time="14.367" errors="0">
  <testcase name="Add_New_Content_test" time="14.367" classname="TestCases.DeleteContentTest"/>
</testsuite> <!-- TestCases.DeleteContentTest -->
