<?xml version="1.0" encoding="UTF-8"?>
<!-- Generated by org.testng.reporters.JUnitReportReporter -->
<testsuite hostname="Gustavo-Ortiz.local" name="TestCases.CreateSiteTest" tests="2" failures="0" timestamp="2 Nov 2016 21:35:04 GMT" time="59.875" errors="0">
  <testcase name="create_site" time="29.876" classname="TestCases.CreateSiteTest"/>
  <testcase name="create_site" time="29.999" classname="TestCases.CreateSiteTest"/>
</testsuite> <!-- TestCases.CreateSiteTest -->
