<?xml version="1.0" encoding="UTF-8"?>
<!-- Generated by org.testng.reporters.JUnitReportReporter -->
<testsuite hostname="Gustavo-Ortiz.local" name="TestCases.ShowHideSiteContentTest" tests="1" failures="0" timestamp="27 Sep 2016 20:41:13 GMT" time="13.361" errors="0">
  <testcase name="Show_Hide_Site_Content_test" time="13.361" classname="TestCases.ShowHideSiteContentTest"/>
</testsuite> <!-- TestCases.ShowHideSiteContentTest -->
