<?xml version="1.0" encoding="UTF-8"?>
<!-- Generated by org.testng.reporters.JUnitReportReporter -->
<testsuite hostname="Gustavo-Ortiz.local" name="TestCases.CTInput" tests="1" failures="0" timestamp="28 Jun 2016 16:04:53 GMT" time="43.453" errors="0">
  <testcase name="CT_Input" time="43.453" classname="TestCases.CTInput"/>
</testsuite> <!-- TestCases.CTInput -->
