<?xml version="1.0" encoding="UTF-8"?>
<!-- Generated by org.testng.reporters.JUnitReportReporter -->
<testsuite hostname="Gustavo-Ortiz.local" name="TestCases.AddNewFolderTest" tests="1" failures="0" timestamp="27 Oct 2016 00:00:04 GMT" time="17.898" errors="0">
  <testcase name="Add_New_Folder_test" time="17.898" classname="TestCases.AddNewFolderTest"/>
</testsuite> <!-- TestCases.AddNewFolderTest -->
