<?xml version="1.0" encoding="UTF-8"?>
<!-- Generated by org.testng.reporters.JUnitReportReporter -->
<testsuite hostname="Gustavo-Ortiz.local" name="TestCases.CopyPasteContentTest" tests="1" failures="0" timestamp="3 Aug 2016 16:41:31 GMT" time="39.234" errors="0">
  <testcase name="Copy_Paste_Content_test" time="39.234" classname="TestCases.CopyPasteContentTest"/>
</testsuite> <!-- TestCases.CopyPasteContentTest -->
