<?xml version="1.0" encoding="UTF-8"?>
<!-- Generated by org.testng.reporters.JUnitReportReporter -->
<testsuite hostname="Gustavo-Ortiz.local" name="TestCases.CTDrapAndDrop" tests="1" failures="0" timestamp="27 Jun 2016 23:53:10 GMT" time="23.018" errors="0">
  <testcase name="CT_Drap_And_Drop" time="23.018" classname="TestCases.CTDrapAndDrop"/>
</testsuite> <!-- TestCases.CTDrapAndDrop -->
