<?xml version="1.0" encoding="UTF-8"?>
<!-- Generated by org.testng.reporters.JUnitReportReporter -->
<testsuite hostname="Gustavo-Ortiz.local" name="TestCases.LogOutTest" tests="1" failures="0" timestamp="18 Oct 2016 20:39:56 GMT" time="8.457" errors="0">
  <testcase name="logOut_Test" time="8.457" classname="TestCases.LogOutTest"/>
</testsuite> <!-- TestCases.LogOutTest -->
