<?xml version="1.0" encoding="UTF-8"?>
<!-- Generated by org.testng.reporters.JUnitReportReporter -->
<testsuite hostname="Gustavo-Ortiz.local" name="TestCases.AddNewFolderTest" tests="1" failures="0" timestamp="2 Nov 2016 21:35:04 GMT" time="21.020" errors="0">
  <testcase name="Add_New_Folder_test" time="21.020" classname="TestCases.AddNewFolderTest"/>
</testsuite> <!-- TestCases.AddNewFolderTest -->
