<?xml version="1.0" encoding="UTF-8"?>
<!-- Generated by org.testng.reporters.JUnitReportReporter -->
<testsuite hostname="Javier-Dobles.local" name="TestCases.LoginTest" tests="1" failures="0" timestamp="27 Jun 2016 14:10:13 GMT" time="0.756" errors="0">
  <testcase name="login_Test" time="0.756" classname="TestCases.LoginTest"/>
</testsuite> <!-- TestCases.LoginTest -->
