<?xml version="1.0" encoding="UTF-8"?>
<!-- Generated by org.testng.reporters.JUnitReportReporter -->
<testsuite hostname="Gustavo-Ortiz.local" name="TestCases.EditContentForm" tests="1" failures="0" timestamp="28 Jun 2016 17:04:36 GMT" time="19.246" errors="0">
  <testcase name="edit_Content_1" time="19.246" classname="TestCases.EditContentForm"/>
</testsuite> <!-- TestCases.EditContentForm -->
