<?xml version="1.0" encoding="UTF-8"?>
<!-- Generated by org.testng.reporters.JUnitReportReporter -->
<testsuite hostname="Gustavo-Ortiz.local" name="TestCases.CopyPasteFolderTest" tests="1" failures="0" timestamp="3 Aug 2016 17:06:53 GMT" time="68.593" errors="0">
  <testcase name="Copy_Folder_test" time="68.593" classname="TestCases.CopyPasteFolderTest"/>
</testsuite> <!-- TestCases.CopyPasteFolderTest -->
