<?xml version="1.0" encoding="UTF-8"?>
<!-- Generated by org.testng.reporters.JUnitReportReporter -->
<testsuite hostname="Gustavo-Ortiz.local" name="TestCases.AddNewFolderTest" tests="1" failures="0" timestamp="3 Aug 2016 16:21:20 GMT" time="18.404" errors="0">
  <testcase name="Add_New_Folder_test" time="18.404" classname="TestCases.AddNewFolderTest"/>
</testsuite> <!-- TestCases.AddNewFolderTest -->
