<?xml version="1.0" encoding="UTF-8"?>
<!-- Generated by org.testng.reporters.JUnitReportReporter -->
<testsuite hostname="Gustavo-Ortiz.local" name="TestCases.LoginTest" tests="1" failures="0" timestamp="3 Aug 2016 14:53:18 GMT" time="5.426" errors="0">
  <testcase name="login_Test" time="5.426" classname="TestCases.LoginTest"/>
</testsuite> <!-- TestCases.LoginTest -->
