<?xml version="1.0" encoding="UTF-8"?>
<!-- Generated by org.testng.reporters.JUnitReportReporter -->
<testsuite hostname="Gustavo-Ortiz.local" name="TestCases.AddNewFolderTest" tests="1" failures="0" timestamp="23 Sep 2016 15:20:25 GMT" time="18.003" errors="0">
  <testcase name="Add_New_Folder_test" time="18.003" classname="TestCases.AddNewFolderTest"/>
</testsuite> <!-- TestCases.AddNewFolderTest -->
