<?xml version="1.0" encoding="UTF-8"?>
<!-- Generated by org.testng.reporters.JUnitReportReporter -->
<testsuite hostname="Gustavo-Ortiz.local" name="TestCases.AddNewContentTest" tests="1" failures="0" timestamp="2 Nov 2016 21:35:04 GMT" time="33.996" errors="0">
  <testcase name="Add_New_Content_test" time="33.996" classname="TestCases.AddNewContentTest"/>
</testsuite> <!-- TestCases.AddNewContentTest -->
