<?xml version="1.0" encoding="UTF-8"?>
<!-- Generated by org.testng.reporters.JUnitReportReporter -->
<testsuite hostname="Gustavo-Ortiz.local" name="TestCases.DeleteSiteTest" tests="2" failures="0" timestamp="2 Nov 2016 21:35:04 GMT" time="24.765" errors="0">
  <testcase name="delete_site" time="12.391" classname="TestCases.DeleteSiteTest"/>
  <testcase name="delete_site" time="12.374" classname="TestCases.DeleteSiteTest"/>
</testsuite> <!-- TestCases.DeleteSiteTest -->
