<?xml version="1.0" encoding="UTF-8"?>
<!-- Generated by org.testng.reporters.JUnitReportReporter -->
<testsuite hostname="Gustavo-Ortiz.local" name="TestCases.CutPasteContentTest" tests="1" failures="0" timestamp="3 Aug 2016 20:40:25 GMT" time="21.055" errors="0">
  <testcase name="Cut_Paste_Content_test" time="21.055" classname="TestCases.CutPasteContentTest"/>
</testsuite> <!-- TestCases.CutPasteContentTest -->
