<?xml version="1.0" encoding="UTF-8"?>
<!-- Generated by org.testng.reporters.JUnitReportReporter -->
<testsuite hostname="Gustavo-Ortiz.local" name="TestCases.CTDrapAndDropTest" tests="1" failures="0" timestamp="3 Aug 2016 15:52:47 GMT" time="34.590" errors="0">
  <testcase name="CT_Drap_And_Drop" time="34.590" classname="TestCases.CTDrapAndDropTest"/>
</testsuite> <!-- TestCases.CTDrapAndDropTest -->
